<?xml version="1.0" encoding="UTF-8" ?>
<testsuite errors="0" failures="0" hostname="DESKTOP-QFTBJGC" name="com.allendowney.thinkdast.WikiSearchTest" skipped="0" tests="4" time="0.057" timestamp="2025-12-12T07:50:50">
  <properties>
[...]
</properties>
  <testcase classname="com.allendowney.thinkdast.WikiSearchTest" name="testAnd" time="0.008" />
  <testcase classname="com.allendowney.thinkdast.WikiSearchTest" name="testMinus" time="0.0" />
  <testcase classname="com.allendowney.thinkdast.WikiSearchTest" name="testSort" time="0.0" />
  <testcase classname="com.allendowney.thinkdast.WikiSearchTest" name="testOr" time="0.0" />
  <system-out><![CDATA[]]></system-out>
  <system-err><![CDATA[]]></system-err>
</testsuite>
